<?xml version="1.0" encoding="UTF-8"?>
<!-- Generated by org.testng.reporters.JUnitReportReporter -->
<testsuite skipped="0" hostname="LAPTOP-NSGFDTKU" name="excuterScript.TaskExcution" tests="1" failures="0" timestamp="15 Feb 2022 06:53:08 GMT" time="9.778" errors="0">
  <testcase name="task" time="9.778" classname="excuterScript.TaskExcution"/>
</testsuite> <!-- excuterScript.TaskExcution -->
