<?xml version="1.0" encoding="UTF-8"?>
<!-- Generated by org.testng.reporters.JUnitReportReporter -->
<testsuite skipped="0" hostname="LAPTOP-NSGFDTKU" name="excuterScript.ContactExcution" tests="1" failures="0" timestamp="11 Feb 2022 06:53:28 GMT" time="14.966" errors="0">
  <testcase name="contact" time="14.966" classname="excuterScript.ContactExcution"/>
</testsuite> <!-- excuterScript.ContactExcution -->
