<?xml version="1.0" encoding="UTF-8"?>
<!-- Generated by org.testng.reporters.JUnitReportReporter -->
<testsuite skipped="0" hostname="LAPTOP-NSGFDTKU" name="excuterScript.TaskExcution" tests="1" failures="0" timestamp="14 Feb 2022 16:33:05 GMT" time="32.729" errors="0">
  <testcase name="task" time="32.729" classname="excuterScript.TaskExcution"/>
</testsuite> <!-- excuterScript.TaskExcution -->
