<?xml version="1.0" encoding="UTF-8"?>
<!-- Generated by org.testng.reporters.JUnitReportReporter -->
<testsuite skipped="0" hostname="LAPTOP-NSGFDTKU" name="excuterScript.OpportunityExcution" tests="1" failures="0" timestamp="15 Feb 2022 06:53:08 GMT" time="11.436" errors="0">
  <testcase name="MainOpportunity" time="11.436" classname="excuterScript.OpportunityExcution"/>
</testsuite> <!-- excuterScript.OpportunityExcution -->
