<?xml version="1.0" encoding="UTF-8"?>
<!-- Generated by org.testng.reporters.JUnitReportReporter -->
<testsuite skipped="0" hostname="LAPTOP-NSGFDTKU" name="excuterScript.ContactExcution" tests="1" failures="0" timestamp="14 Feb 2022 16:33:05 GMT" time="27.796" errors="0">
  <testcase name="contact" time="27.796" classname="excuterScript.ContactExcution"/>
</testsuite> <!-- excuterScript.ContactExcution -->
