<?xml version="1.0" encoding="UTF-8"?>
<!-- Generated by org.testng.reporters.JUnitReportReporter -->
<testsuite skipped="0" hostname="LAPTOP-NSGFDTKU" name="excuterScript.LoginScript" tests="1" failures="0" timestamp="06 Feb 2022 09:59:14 GMT" time="3.212" errors="0">
  <testcase name="login" time="3.212" classname="excuterScript.LoginScript"/>
</testsuite> <!-- excuterScript.LoginScript -->
