<?xml version="1.0" encoding="UTF-8"?>
<!-- Generated by org.testng.reporters.JUnitReportReporter -->
<testsuite skipped="0" hostname="LAPTOP-NSGFDTKU" name="excuterScript.NotesExcution" tests="1" failures="0" timestamp="14 Feb 2022 16:33:05 GMT" time="31.581" errors="0">
  <testcase name="note" time="31.581" classname="excuterScript.NotesExcution"/>
</testsuite> <!-- excuterScript.NotesExcution -->
