<?xml version="1.0" encoding="UTF-8"?>
<!-- Generated by org.testng.reporters.JUnitReportReporter -->
<testsuite skipped="0" hostname="LAPTOP-NSGFDTKU" name="excuterScript.ContactExcution" tests="1" failures="0" timestamp="15 Feb 2022 06:53:08 GMT" time="12.133" errors="0">
  <testcase name="contact" time="12.133" classname="excuterScript.ContactExcution"/>
</testsuite> <!-- excuterScript.ContactExcution -->
