<?xml version="1.0" encoding="UTF-8"?>
<!-- Generated by org.testng.reporters.JUnitReportReporter -->
<testsuite skipped="0" hostname="LAPTOP-NSGFDTKU" name="excuterScript.NotesExcution" tests="1" failures="0" timestamp="11 Feb 2022 06:53:28 GMT" time="19.589" errors="0">
  <testcase name="note" time="19.589" classname="excuterScript.NotesExcution"/>
</testsuite> <!-- excuterScript.NotesExcution -->
